[1 of 2] Compiling Main             ( /private/var/folders/tj/dwhk62kj3_59tf0cs26k77g40000gp/T/stack1937/terminfo-0.4.0.2/Setup.lhs, /private/var/folders/tj/dwhk62kj3_59tf0cs26k77g40000gp/T/stack1937/terminfo-0.4.0.2/.stack-work/dist/x86_64-osx/Cabal-1.22.5.0/setup/Main.o )
[2 of 2] Compiling StackSetupShim   ( /Users/xsellco/.stack/setup-exe-src/setup-shim-mPHDZzAJ.hs, /private/var/folders/tj/dwhk62kj3_59tf0cs26k77g40000gp/T/stack1937/terminfo-0.4.0.2/.stack-work/dist/x86_64-osx/Cabal-1.22.5.0/setup/StackSetupShim.o )
Linking /private/var/folders/tj/dwhk62kj3_59tf0cs26k77g40000gp/T/stack1937/terminfo-0.4.0.2/.stack-work/dist/x86_64-osx/Cabal-1.22.5.0/setup/setup ...

In file included from /var/folders/tj/dwhk62kj3_59tf0cs26k77g40000gp/T/ghc1948_0/ghc_8.c:1:0:
    

In file included from /Users/xsellco/.stack/programs/x86_64-osx/ghc-7.10.3/lib/ghc-7.10.3/include/Rts.h:217:0:
    

/Users/xsellco/.stack/programs/x86_64-osx/ghc-7.10.3/lib/ghc-7.10.3/include/rts/storage/ClosureMacros.h:505:5:
     warning: macro expansion producing 'defined' has undefined behavior [-Wexpansion-to-defined]
#if ZERO_SLOP_FOR_LDV_PROF || ZERO_SLOP_FOR_SANITY_CHECK
    ^

/Users/xsellco/.stack/programs/x86_64-osx/ghc-7.10.3/lib/ghc-7.10.3/include/rts/storage/ClosureMacros.h:502:37:
     note: expanded from macro 'ZERO_SLOP_FOR_LDV_PROF'
#define ZERO_SLOP_FOR_LDV_PROF     (defined(PROFILING))
                                    ^

/Users/xsellco/.stack/programs/x86_64-osx/ghc-7.10.3/lib/ghc-7.10.3/include/rts/storage/ClosureMacros.h:505:31:
     warning: macro expansion producing 'defined' has undefined behavior [-Wexpansion-to-defined]
#if ZERO_SLOP_FOR_LDV_PROF || ZERO_SLOP_FOR_SANITY_CHECK
                              ^

/Users/xsellco/.stack/programs/x86_64-osx/ghc-7.10.3/lib/ghc-7.10.3/include/rts/storage/ClosureMacros.h:503:37:
     note: expanded from macro 'ZERO_SLOP_FOR_SANITY_CHECK'
#define ZERO_SLOP_FOR_SANITY_CHECK (defined(DEBUG) && !defined(THREADED_RTS))
                                    ^

/Users/xsellco/.stack/programs/x86_64-osx/ghc-7.10.3/lib/ghc-7.10.3/include/rts/storage/ClosureMacros.h:505:31:
     warning: macro expansion producing 'defined' has undefined behavior [-Wexpansion-to-defined]

/Users/xsellco/.stack/programs/x86_64-osx/ghc-7.10.3/lib/ghc-7.10.3/include/rts/storage/ClosureMacros.h:503:56:
     note: expanded from macro 'ZERO_SLOP_FOR_SANITY_CHECK'
#define ZERO_SLOP_FOR_SANITY_CHECK (defined(DEBUG) && !defined(THREADED_RTS))
                                                       ^

/Users/xsellco/.stack/programs/x86_64-osx/ghc-7.10.3/lib/ghc-7.10.3/include/rts/storage/ClosureMacros.h:523:5:
     warning: macro expansion producing 'defined' has undefined behavior [-Wexpansion-to-defined]
#if ZERO_SLOP_FOR_LDV_PROF && !ZERO_SLOP_FOR_SANITY_CHECK
    ^

/Users/xsellco/.stack/programs/x86_64-osx/ghc-7.10.3/lib/ghc-7.10.3/include/rts/storage/ClosureMacros.h:502:37:
     note: expanded from macro 'ZERO_SLOP_FOR_LDV_PROF'
#define ZERO_SLOP_FOR_LDV_PROF     (defined(PROFILING))
                                    ^

/Users/xsellco/.stack/programs/x86_64-osx/ghc-7.10.3/lib/ghc-7.10.3/include/rts/storage/ClosureMacros.h:523:32:
     warning: macro expansion producing 'defined' has undefined behavior [-Wexpansion-to-defined]
#if ZERO_SLOP_FOR_LDV_PROF && !ZERO_SLOP_FOR_SANITY_CHECK
                               ^

/Users/xsellco/.stack/programs/x86_64-osx/ghc-7.10.3/lib/ghc-7.10.3/include/rts/storage/ClosureMacros.h:503:37:
     note: expanded from macro 'ZERO_SLOP_FOR_SANITY_CHECK'
#define ZERO_SLOP_FOR_SANITY_CHECK (defined(DEBUG) && !defined(THREADED_RTS))
                                    ^

/Users/xsellco/.stack/programs/x86_64-osx/ghc-7.10.3/lib/ghc-7.10.3/include/rts/storage/ClosureMacros.h:523:32:
     warning: macro expansion producing 'defined' has undefined behavior [-Wexpansion-to-defined]

/Users/xsellco/.stack/programs/x86_64-osx/ghc-7.10.3/lib/ghc-7.10.3/include/rts/storage/ClosureMacros.h:503:56:
     note: expanded from macro 'ZERO_SLOP_FOR_SANITY_CHECK'
#define ZERO_SLOP_FOR_SANITY_CHECK (defined(DEBUG) && !defined(THREADED_RTS))
                                                       ^

/Users/xsellco/.stack/programs/x86_64-osx/ghc-7.10.3/lib/ghc-7.10.3/include/rts/storage/ClosureMacros.h:552:5:
     warning: macro expansion producing 'defined' has undefined behavior [-Wexpansion-to-defined]
#if ZERO_SLOP_FOR_LDV_PROF && !ZERO_SLOP_FOR_SANITY_CHECK
    ^

/Users/xsellco/.stack/programs/x86_64-osx/ghc-7.10.3/lib/ghc-7.10.3/include/rts/storage/ClosureMacros.h:502:37:
     note: expanded from macro 'ZERO_SLOP_FOR_LDV_PROF'
#define ZERO_SLOP_FOR_LDV_PROF     (defined(PROFILING))
                                    ^

/Users/xsellco/.stack/programs/x86_64-osx/ghc-7.10.3/lib/ghc-7.10.3/include/rts/storage/ClosureMacros.h:552:32:
     warning: macro expansion producing 'defined' has undefined behavior [-Wexpansion-to-defined]
#if ZERO_SLOP_FOR_LDV_PROF && !ZERO_SLOP_FOR_SANITY_CHECK
                               ^

/Users/xsellco/.stack/programs/x86_64-osx/ghc-7.10.3/lib/ghc-7.10.3/include/rts/storage/ClosureMacros.h:503:37:
     note: expanded from macro 'ZERO_SLOP_FOR_SANITY_CHECK'
#define ZERO_SLOP_FOR_SANITY_CHECK (defined(DEBUG) && !defined(THREADED_RTS))
                                    ^

/Users/xsellco/.stack/programs/x86_64-osx/ghc-7.10.3/lib/ghc-7.10.3/include/rts/storage/ClosureMacros.h:552:32:
     warning: macro expansion producing 'defined' has undefined behavior [-Wexpansion-to-defined]

/Users/xsellco/.stack/programs/x86_64-osx/ghc-7.10.3/lib/ghc-7.10.3/include/rts/storage/ClosureMacros.h:503:56:
     note: expanded from macro 'ZERO_SLOP_FOR_SANITY_CHECK'
#define ZERO_SLOP_FOR_SANITY_CHECK (defined(DEBUG) && !defined(THREADED_RTS))
                                                       ^
9 warnings generated.
Configuring terminfo-0.4.0.2...
configure: WARNING: unrecognized options: --with-compiler, --with-gcc
checking for gcc... gcc
checking whether the C compiler works... yes
checking for C compiler default output file name... a.out
checking for suffix of executables... 
checking whether we are cross compiling... no
checking for suffix of object files... o
checking whether we are using the GNU C compiler... yes
checking whether gcc accepts -g... yes
checking for gcc option to accept ISO C89... none needed
checking how to run the C preprocessor... gcc -E
checking for grep that handles long lines and -e... /usr/bin/grep
checking for egrep... /usr/bin/grep -E
checking for ANSI C header files... yes
checking for sys/types.h... yes
checking for sys/stat.h... yes
checking for stdlib.h... yes
checking for string.h... yes
checking for memory.h... yes
checking for strings.h... yes
checking for inttypes.h... yes
checking for stdint.h... yes
checking for unistd.h... yes
checking ncurses.h usability... yes
checking ncurses.h presence... yes
checking for ncurses.h... yes
checking for setupterm in -ltinfo... no
checking for setupterm in -lncursesw... no
checking for setupterm in -lncurses... yes
configure: creating ./config.status
config.status: creating terminfo.buildinfo
configure: WARNING: unrecognized options: --with-compiler, --with-gcc
Building terminfo-0.4.0.2...
Preprocessing library terminfo-0.4.0.2...
[1 of 7] Compiling System.Console.Terminfo.Base ( System/Console/Terminfo/Base.hs, .stack-work/dist/x86_64-osx/Cabal-1.22.5.0/build/System/Console/Terminfo/Base.o )

In file included from /var/folders/tj/dwhk62kj3_59tf0cs26k77g40000gp/T/ghc2624_0/ghc_10.c:2:0:
    

In file included from /Users/xsellco/.stack/programs/x86_64-osx/ghc-7.10.3/lib/ghc-7.10.3/include/Rts.h:217:0:
    

/Users/xsellco/.stack/programs/x86_64-osx/ghc-7.10.3/lib/ghc-7.10.3/include/rts/storage/ClosureMacros.h:505:5:
     warning: macro expansion producing 'defined' has undefined behavior [-Wexpansion-to-defined]
#if ZERO_SLOP_FOR_LDV_PROF || ZERO_SLOP_FOR_SANITY_CHECK
    ^

/Users/xsellco/.stack/programs/x86_64-osx/ghc-7.10.3/lib/ghc-7.10.3/include/rts/storage/ClosureMacros.h:502:37:
     note: expanded from macro 'ZERO_SLOP_FOR_LDV_PROF'
#define ZERO_SLOP_FOR_LDV_PROF     (defined(PROFILING))
                                    ^

/Users/xsellco/.stack/programs/x86_64-osx/ghc-7.10.3/lib/ghc-7.10.3/include/rts/storage/ClosureMacros.h:505:31:
     warning: macro expansion producing 'defined' has undefined behavior [-Wexpansion-to-defined]
#if ZERO_SLOP_FOR_LDV_PROF || ZERO_SLOP_FOR_SANITY_CHECK
                              ^

/Users/xsellco/.stack/programs/x86_64-osx/ghc-7.10.3/lib/ghc-7.10.3/include/rts/storage/ClosureMacros.h:503:37:
     note: expanded from macro 'ZERO_SLOP_FOR_SANITY_CHECK'
#define ZERO_SLOP_FOR_SANITY_CHECK (defined(DEBUG) && !defined(THREADED_RTS))
                                    ^

/Users/xsellco/.stack/programs/x86_64-osx/ghc-7.10.3/lib/ghc-7.10.3/include/rts/storage/ClosureMacros.h:505:31:
     warning: macro expansion producing 'defined' has undefined behavior [-Wexpansion-to-defined]

/Users/xsellco/.stack/programs/x86_64-osx/ghc-7.10.3/lib/ghc-7.10.3/include/rts/storage/ClosureMacros.h:503:56:
     note: expanded from macro 'ZERO_SLOP_FOR_SANITY_CHECK'
#define ZERO_SLOP_FOR_SANITY_CHECK (defined(DEBUG) && !defined(THREADED_RTS))
                                                       ^

/Users/xsellco/.stack/programs/x86_64-osx/ghc-7.10.3/lib/ghc-7.10.3/include/rts/storage/ClosureMacros.h:523:5:
     warning: macro expansion producing 'defined' has undefined behavior [-Wexpansion-to-defined]
#if ZERO_SLOP_FOR_LDV_PROF && !ZERO_SLOP_FOR_SANITY_CHECK
    ^

/Users/xsellco/.stack/programs/x86_64-osx/ghc-7.10.3/lib/ghc-7.10.3/include/rts/storage/ClosureMacros.h:502:37:
     note: expanded from macro 'ZERO_SLOP_FOR_LDV_PROF'
#define ZERO_SLOP_FOR_LDV_PROF     (defined(PROFILING))
                                    ^

/Users/xsellco/.stack/programs/x86_64-osx/ghc-7.10.3/lib/ghc-7.10.3/include/rts/storage/ClosureMacros.h:523:32:
     warning: macro expansion producing 'defined' has undefined behavior [-Wexpansion-to-defined]
#if ZERO_SLOP_FOR_LDV_PROF && !ZERO_SLOP_FOR_SANITY_CHECK
                               ^

/Users/xsellco/.stack/programs/x86_64-osx/ghc-7.10.3/lib/ghc-7.10.3/include/rts/storage/ClosureMacros.h:503:37:
     note: expanded from macro 'ZERO_SLOP_FOR_SANITY_CHECK'
#define ZERO_SLOP_FOR_SANITY_CHECK (defined(DEBUG) && !defined(THREADED_RTS))
                                    ^

/Users/xsellco/.stack/programs/x86_64-osx/ghc-7.10.3/lib/ghc-7.10.3/include/rts/storage/ClosureMacros.h:523:32:
     warning: macro expansion producing 'defined' has undefined behavior [-Wexpansion-to-defined]

/Users/xsellco/.stack/programs/x86_64-osx/ghc-7.10.3/lib/ghc-7.10.3/include/rts/storage/ClosureMacros.h:503:56:
     note: expanded from macro 'ZERO_SLOP_FOR_SANITY_CHECK'
#define ZERO_SLOP_FOR_SANITY_CHECK (defined(DEBUG) && !defined(THREADED_RTS))
                                                       ^

/Users/xsellco/.stack/programs/x86_64-osx/ghc-7.10.3/lib/ghc-7.10.3/include/rts/storage/ClosureMacros.h:552:5:
     warning: macro expansion producing 'defined' has undefined behavior [-Wexpansion-to-defined]
#if ZERO_SLOP_FOR_LDV_PROF && !ZERO_SLOP_FOR_SANITY_CHECK
    ^

/Users/xsellco/.stack/programs/x86_64-osx/ghc-7.10.3/lib/ghc-7.10.3/include/rts/storage/ClosureMacros.h:502:37:
     note: expanded from macro 'ZERO_SLOP_FOR_LDV_PROF'
#define ZERO_SLOP_FOR_LDV_PROF     (defined(PROFILING))
                                    ^

/Users/xsellco/.stack/programs/x86_64-osx/ghc-7.10.3/lib/ghc-7.10.3/include/rts/storage/ClosureMacros.h:552:32:
     warning: macro expansion producing 'defined' has undefined behavior [-Wexpansion-to-defined]
#if ZERO_SLOP_FOR_LDV_PROF && !ZERO_SLOP_FOR_SANITY_CHECK
                               ^

/Users/xsellco/.stack/programs/x86_64-osx/ghc-7.10.3/lib/ghc-7.10.3/include/rts/storage/ClosureMacros.h:503:37:
     note: expanded from macro 'ZERO_SLOP_FOR_SANITY_CHECK'
#define ZERO_SLOP_FOR_SANITY_CHECK (defined(DEBUG) && !defined(THREADED_RTS))
                                    ^

/Users/xsellco/.stack/programs/x86_64-osx/ghc-7.10.3/lib/ghc-7.10.3/include/rts/storage/ClosureMacros.h:552:32:
     warning: macro expansion producing 'defined' has undefined behavior [-Wexpansion-to-defined]

/Users/xsellco/.stack/programs/x86_64-osx/ghc-7.10.3/lib/ghc-7.10.3/include/rts/storage/ClosureMacros.h:503:56:
     note: expanded from macro 'ZERO_SLOP_FOR_SANITY_CHECK'
#define ZERO_SLOP_FOR_SANITY_CHECK (defined(DEBUG) && !defined(THREADED_RTS))
                                                       ^
9 warnings generated.

In file included from /var/folders/tj/dwhk62kj3_59tf0cs26k77g40000gp/T/ghc2624_0/ghc_18.c:2:0:
    

In file included from /Users/xsellco/.stack/programs/x86_64-osx/ghc-7.10.3/lib/ghc-7.10.3/include/Rts.h:217:0:
    

/Users/xsellco/.stack/programs/x86_64-osx/ghc-7.10.3/lib/ghc-7.10.3/include/rts/storage/ClosureMacros.h:505:5:
     warning: macro expansion producing 'defined' has undefined behavior [-Wexpansion-to-defined]
#if ZERO_SLOP_FOR_LDV_PROF || ZERO_SLOP_FOR_SANITY_CHECK
    ^

/Users/xsellco/.stack/programs/x86_64-osx/ghc-7.10.3/lib/ghc-7.10.3/include/rts/storage/ClosureMacros.h:502:37:
     note: expanded from macro 'ZERO_SLOP_FOR_LDV_PROF'
#define ZERO_SLOP_FOR_LDV_PROF     (defined(PROFILING))
                                    ^

/Users/xsellco/.stack/programs/x86_64-osx/ghc-7.10.3/lib/ghc-7.10.3/include/rts/storage/ClosureMacros.h:505:31:
     warning: macro expansion producing 'defined' has undefined behavior [-Wexpansion-to-defined]
#if ZERO_SLOP_FOR_LDV_PROF || ZERO_SLOP_FOR_SANITY_CHECK
                              ^

/Users/xsellco/.stack/programs/x86_64-osx/ghc-7.10.3/lib/ghc-7.10.3/include/rts/storage/ClosureMacros.h:503:37:
     note: expanded from macro 'ZERO_SLOP_FOR_SANITY_CHECK'
#define ZERO_SLOP_FOR_SANITY_CHECK (defined(DEBUG) && !defined(THREADED_RTS))
                                    ^

/Users/xsellco/.stack/programs/x86_64-osx/ghc-7.10.3/lib/ghc-7.10.3/include/rts/storage/ClosureMacros.h:505:31:
     warning: macro expansion producing 'defined' has undefined behavior [-Wexpansion-to-defined]

/Users/xsellco/.stack/programs/x86_64-osx/ghc-7.10.3/lib/ghc-7.10.3/include/rts/storage/ClosureMacros.h:503:56:
     note: expanded from macro 'ZERO_SLOP_FOR_SANITY_CHECK'
#define ZERO_SLOP_FOR_SANITY_CHECK (defined(DEBUG) && !defined(THREADED_RTS))
                                                       ^

/Users/xsellco/.stack/programs/x86_64-osx/ghc-7.10.3/lib/ghc-7.10.3/include/rts/storage/ClosureMacros.h:523:5:
     warning: macro expansion producing 'defined' has undefined behavior [-Wexpansion-to-defined]
#if ZERO_SLOP_FOR_LDV_PROF && !ZERO_SLOP_FOR_SANITY_CHECK
    ^

/Users/xsellco/.stack/programs/x86_64-osx/ghc-7.10.3/lib/ghc-7.10.3/include/rts/storage/ClosureMacros.h:502:37:
     note: expanded from macro 'ZERO_SLOP_FOR_LDV_PROF'
#define ZERO_SLOP_FOR_LDV_PROF     (defined(PROFILING))
                                    ^

/Users/xsellco/.stack/programs/x86_64-osx/ghc-7.10.3/lib/ghc-7.10.3/include/rts/storage/ClosureMacros.h:523:32:
     warning: macro expansion producing 'defined' has undefined behavior [-Wexpansion-to-defined]
#if ZERO_SLOP_FOR_LDV_PROF && !ZERO_SLOP_FOR_SANITY_CHECK
                               ^

/Users/xsellco/.stack/programs/x86_64-osx/ghc-7.10.3/lib/ghc-7.10.3/include/rts/storage/ClosureMacros.h:503:37:
     note: expanded from macro 'ZERO_SLOP_FOR_SANITY_CHECK'
#define ZERO_SLOP_FOR_SANITY_CHECK (defined(DEBUG) && !defined(THREADED_RTS))
                                    ^

/Users/xsellco/.stack/programs/x86_64-osx/ghc-7.10.3/lib/ghc-7.10.3/include/rts/storage/ClosureMacros.h:523:32:
     warning: macro expansion producing 'defined' has undefined behavior [-Wexpansion-to-defined]

/Users/xsellco/.stack/programs/x86_64-osx/ghc-7.10.3/lib/ghc-7.10.3/include/rts/storage/ClosureMacros.h:503:56:
     note: expanded from macro 'ZERO_SLOP_FOR_SANITY_CHECK'
#define ZERO_SLOP_FOR_SANITY_CHECK (defined(DEBUG) && !defined(THREADED_RTS))
                                                       ^

/Users/xsellco/.stack/programs/x86_64-osx/ghc-7.10.3/lib/ghc-7.10.3/include/rts/storage/ClosureMacros.h:552:5:
     warning: macro expansion producing 'defined' has undefined behavior [-Wexpansion-to-defined]
#if ZERO_SLOP_FOR_LDV_PROF && !ZERO_SLOP_FOR_SANITY_CHECK
    ^

/Users/xsellco/.stack/programs/x86_64-osx/ghc-7.10.3/lib/ghc-7.10.3/include/rts/storage/ClosureMacros.h:502:37:
     note: expanded from macro 'ZERO_SLOP_FOR_LDV_PROF'
#define ZERO_SLOP_FOR_LDV_PROF     (defined(PROFILING))
                                    ^

/Users/xsellco/.stack/programs/x86_64-osx/ghc-7.10.3/lib/ghc-7.10.3/include/rts/storage/ClosureMacros.h:552:32:
     warning: macro expansion producing 'defined' has undefined behavior [-Wexpansion-to-defined]
#if ZERO_SLOP_FOR_LDV_PROF && !ZERO_SLOP_FOR_SANITY_CHECK
                               ^

/Users/xsellco/.stack/programs/x86_64-osx/ghc-7.10.3/lib/ghc-7.10.3/include/rts/storage/ClosureMacros.h:503:37:
     note: expanded from macro 'ZERO_SLOP_FOR_SANITY_CHECK'
#define ZERO_SLOP_FOR_SANITY_CHECK (defined(DEBUG) && !defined(THREADED_RTS))
                                    ^

/Users/xsellco/.stack/programs/x86_64-osx/ghc-7.10.3/lib/ghc-7.10.3/include/rts/storage/ClosureMacros.h:552:32:
     warning: macro expansion producing 'defined' has undefined behavior [-Wexpansion-to-defined]

/Users/xsellco/.stack/programs/x86_64-osx/ghc-7.10.3/lib/ghc-7.10.3/include/rts/storage/ClosureMacros.h:503:56:
     note: expanded from macro 'ZERO_SLOP_FOR_SANITY_CHECK'
#define ZERO_SLOP_FOR_SANITY_CHECK (defined(DEBUG) && !defined(THREADED_RTS))
                                                       ^
9 warnings generated.
[2 of 7] Compiling System.Console.Terminfo.Keys ( System/Console/Terminfo/Keys.hs, .stack-work/dist/x86_64-osx/Cabal-1.22.5.0/build/System/Console/Terminfo/Keys.o )
[3 of 7] Compiling System.Console.Terminfo.Cursor ( System/Console/Terminfo/Cursor.hs, .stack-work/dist/x86_64-osx/Cabal-1.22.5.0/build/System/Console/Terminfo/Cursor.o )
[4 of 7] Compiling System.Console.Terminfo.Effects ( System/Console/Terminfo/Effects.hs, .stack-work/dist/x86_64-osx/Cabal-1.22.5.0/build/System/Console/Terminfo/Effects.o )
[5 of 7] Compiling System.Console.Terminfo.Edit ( System/Console/Terminfo/Edit.hs, .stack-work/dist/x86_64-osx/Cabal-1.22.5.0/build/System/Console/Terminfo/Edit.o )
[6 of 7] Compiling System.Console.Terminfo.Color ( System/Console/Terminfo/Color.hs, .stack-work/dist/x86_64-osx/Cabal-1.22.5.0/build/System/Console/Terminfo/Color.o )
[7 of 7] Compiling System.Console.Terminfo ( System/Console/Terminfo.hs, .stack-work/dist/x86_64-osx/Cabal-1.22.5.0/build/System/Console/Terminfo.o )
In-place registering terminfo-0.4.0.2...
Installing library in
/Users/xsellco/.stack/snapshots/x86_64-osx/lts-6.19/7.10.3/lib/x86_64-osx-ghc-7.10.3/terminfo-0.4.0.2-GTEmnLYt1ob2hCwhW9sVjr
Registering terminfo-0.4.0.2...
